(8, 8) north [9]
(8, 8) north [9]
(8, 7) north [9]
(8, 7) north [9]
(8, 7) north [9]
(8, 6) north [9]
(8, 6) north [9]
(8, 6) north [9]
(8, 5) north [9]
(8, 5) north [9]
(8, 5) north [9]
(8, 4) north [9]
(8, 4) north [9]
(8, 4) north [9]
(8, 3) north [9]
(8, 3) north [9]
(8, 3) north [9]
(8, 2) north [9]
(8, 2) north [9]
(8, 2) north [9]
(8, 1) north [9]
(8, 1) north [9]
(8, 1) north [9]
(8, 0) north [9]
(8, 0) north [9]
(8, 0) north [9]
(8, 0) west [9]
(7, 0) west [9]
(7, 0) south [9]
(7, 0) south [9]
(7, 1) south [9]
(7, 1) south [9]
(7, 1) south [9]
(7, 2) south [9]
(7, 2) south [9]
(7, 2) south [9]
(7, 3) south [9]
(7, 3) south [9]
(7, 3) south [9]
(7, 4) south [9]
(7, 4) south [9]
(7, 4) south [9]
(7, 5) south [9]
(7, 5) south [9]
(7, 5) south [9]
(7, 6) south [9]
(7, 6) south [9]
(7, 6) south [9]
(7, 7) south [9]
(7, 7) south [9]
