(8, 8) north [9]
(8, 8) north [9]
(8, 7) north [9]
(8, 7) north [9]
(8, 7) north [9]
(8, 6) north [9]
(8, 6) north [9]
(8, 6) north [9]
(8, 5) north [9]
(8, 5) north [9]
(8, 5) north [9]
(8, 4) north [9]
(8, 4) north [9]
(8, 4) north [9]
(8, 3) north [9]
(8, 3) north [9]
(8, 3) north [9]
(8, 2) north [9]
(8, 2) north [9]
(8, 2) north [9]
(8, 1) north [9]
(8, 1) north [9]
(8, 1) north [9]
(8, 0) north [9]
(8, 0) north [9]
(8, 0) north [9]
(8, 0) west [9]
(7, 0) west [9]
(7, 0) south [9]
(7, 0) south [9]
(7, 1) south [9]
(7, 1) south [9]
(7, 1) south [9]
(7, 2) south [9]
(7, 2) south [9]
(7, 2) south [9]
(7, 3) south [9]
(7, 3) south [9]
(7, 3) south [9]
(7, 4) south [9]
(7, 4) south [9]
(7, 4) south [9]
(7, 5) south [9]
(7, 5) south [9]
(7, 5) south [9]
(7, 6) south [9]
(7, 6) south [9]
(7, 6) south [9]
(7, 7) south [9]
(7, 7) south [9]
(7, 7) south [9]
(7, 8) south [9]
(7, 8) south [9]
(7, 8) south [9]
(7, 9) south [9]
(7, 9) south [9]
(7, 9) south [9]
(7, 9) east [9]
(7, 9) north [9]
(7, 9) west [9]
(6, 9) west [9]
(6, 9) south [9]
(6, 9) east [9]
(6, 9) north [9]
(6, 9) north [9]
(6, 9) north [9]
(6, 8) north [9]
(6, 8) north [9]
(6, 8) north [9]
(6, 7) north [9]
(6, 7) north [9]
(6, 7) north [9]
(6, 6) north [9]
(6, 6) north [9]
(6, 6) north [9]
(6, 5) north [9]
(6, 5) north [9]
(6, 5) north [9]
(6, 4) north [9]
(6, 4) north [9]
(6, 4) north [9]
(6, 3) north [9]
(6, 3) north [9]
(6, 3) north [9]
(6, 2) north [9]
(6, 2) north [9]
(6, 2) north [9]
(6, 1) north [9]
(6, 1) north [9]
(6, 1) north [9]
(6, 0) north [9]
(6, 0) north [9]
(6, 0) north [9]
(6, 0) west [9]
(5, 0) west [9]
(5, 0) south [9]
(5, 0) south [9]
(5, 1) south [9]
(5, 1) south [9]
(5, 1) south [9]
(5, 2) south [9]
(5, 2) south [9]
(5, 2) south [9]
(5, 3) south [9]
(5, 3) south [9]
(5, 3) south [9]
(5, 4) south [9]
(5, 4) south [9]
(5, 4) south [9]
(5, 5) south [9]
(5, 5) south [9]
(5, 5) south [9]
(5, 6) south [9]
(5, 6) south [9]
(5, 6) south [9]
(5, 7) south [9]
(5, 7) south [9]
(5, 7) south [9]
(5, 8) south [9]
(5, 8) south [9]
(5, 8) south [9]
(5, 9) south [9]
(5, 9) south [9]
(5, 9) south [9]
(5, 9) east [9]
(5, 9) north [9]
(5, 9) west [9]
(4, 9) west [9]
(4, 9) south [9]
(4, 9) east [9]
(4, 9) north [9]
(4, 9) north [9]
(4, 9) north [9]
(4, 8) north [9]
(4, 8) north [9]
(4, 8) north [9]
(4, 7) north [9]
(4, 7) north [9]
(4, 7) north [9]
(4, 6) north [9]
(4, 6) north [9]
(4, 6) north [9]
(4, 5) north [9]
(4, 5) north [9]
(4, 5) north [9]
(4, 4) north [9]
(4, 4) north [9]
(4, 4) north [9]
(4, 3) north [9]
(4, 3) north [9]
(4, 3) north [9]
(4, 2) north [9]
(4, 2) north [9]
(4, 2) north [9]
(4, 1) north [9]
(4, 1) north [9]
(4, 1) north [9]
(4, 0) north [9]
(4, 0) north [9]
(4, 0) north [9]
(4, 0) west [9]
(3, 0) west [9]
(3, 0) south [9]
(3, 0) south [9]
(3, 1) south [9]
(3, 1) south [9]
(3, 1) south [9]
(3, 2) south [9]
(3, 2) south [9]
(3, 2) south [9]
(3, 3) south [9]
(3, 3) south [9]
(3, 3) south [9]
(3, 4) south [9]
(3, 4) south [9]
(3, 4) south [9]
(3, 5) south [9]
(3, 5) south [9]
(3, 5) south [9]
(3, 6) south [9]
(3, 6) south [9]
(3, 6) south [9]
(3, 7) south [9]
(3, 7) south [9]
(3, 7) south [9]
(3, 8) south [9]
(3, 8) south [9]
(3, 8) south [9]
(3, 9) south [9]
(3, 9) south [9]
(3, 9) south [9]
(3, 9) east [9]
(3, 9) north [9]
(3, 9) west [9]
(2, 9) west [9]
(2, 9) south [9]
(2, 9) east [9]
(2, 9) north [9]
(2, 9) north [9]
(2, 9) north [9]
(2, 8) north [9]
(2, 8) north [9]
(2, 8) north [9]
(2, 7) north [9]
(2, 7) north [9]
(2, 7) north [9]
(2, 6) north [9]
(2, 6) north [9]
(2, 6) north [9]
(2, 5) north [9]
(2, 5) north [9]
(2, 5) north [9]
(2, 4) north [9]
(2, 4) north [9]
(2, 4) north [9]
(2, 3) north [9]
(2, 3) north [9]
(2, 3) north [9]
(2, 2) north [9]
(2, 2) north [9]
